2018-02-27T18:16:20+00:00 CRITICAL Uncaught Error: Call to undefined function the_thumbnail() in /var/www/html/wordpress/wp-content/themes/Midterm/archive.php:8
Stack trace:
#0 /var/www/html/wordpress/wp-includes/template-loader.php(74): include()
#1 /var/www/html/wordpress/wp-blog-header.php(19): require_once('/var/www/html/w...')
#2 /var/www/html/wordpress/index.php(17): require('/var/www/html/w...')
#3 {main}
  thrown

2018-02-27T18:17:14+00:00 CRITICAL Uncaught Error: Call to undefined function the_thumbnail() in /var/www/html/wordpress/wp-content/themes/Midterm/archive.php:8
Stack trace:
#0 /var/www/html/wordpress/wp-includes/template-loader.php(74): include()
#1 /var/www/html/wordpress/wp-blog-header.php(19): require_once('/var/www/html/w...')
#2 /var/www/html/wordpress/index.php(17): require('/var/www/html/w...')
#3 {main}
  thrown

2018-02-27T18:17:18+00:00 CRITICAL Uncaught Error: Call to undefined function the_thumbnail() in /var/www/html/wordpress/wp-content/themes/Midterm/archive.php:8
Stack trace:
#0 /var/www/html/wordpress/wp-includes/template-loader.php(74): include()
#1 /var/www/html/wordpress/wp-blog-header.php(19): require_once('/var/www/html/w...')
#2 /var/www/html/wordpress/index.php(17): require('/var/www/html/w...')
#3 {main}
  thrown

2018-02-27T18:17:30+00:00 CRITICAL Uncaught Error: Call to undefined function the_thumbnail() in /var/www/html/wordpress/wp-content/themes/Midterm/archive.php:8
Stack trace:
#0 /var/www/html/wordpress/wp-includes/template-loader.php(74): include()
#1 /var/www/html/wordpress/wp-blog-header.php(19): require_once('/var/www/html/w...')
#2 /var/www/html/wordpress/index.php(17): require('/var/www/html/w...')
#3 {main}
  thrown

2018-02-27T18:17:34+00:00 CRITICAL Uncaught Error: Call to undefined function the_thumbnail() in /var/www/html/wordpress/wp-content/themes/Midterm/archive.php:8
Stack trace:
#0 /var/www/html/wordpress/wp-includes/template-loader.php(74): include()
#1 /var/www/html/wordpress/wp-blog-header.php(19): require_once('/var/www/html/w...')
#2 /var/www/html/wordpress/index.php(17): require('/var/www/html/w...')
#3 {main}
  thrown

2018-02-27T18:17:37+00:00 CRITICAL Uncaught Error: Call to undefined function the_thumbnail() in /var/www/html/wordpress/wp-content/themes/Midterm/archive.php:8
Stack trace:
#0 /var/www/html/wordpress/wp-includes/template-loader.php(74): include()
#1 /var/www/html/wordpress/wp-blog-header.php(19): require_once('/var/www/html/w...')
#2 /var/www/html/wordpress/index.php(17): require('/var/www/html/w...')
#3 {main}
  thrown

2018-02-27T18:17:40+00:00 CRITICAL Uncaught Error: Call to undefined function the_thumbnail() in /var/www/html/wordpress/wp-content/themes/Midterm/archive.php:8
Stack trace:
#0 /var/www/html/wordpress/wp-includes/template-loader.php(74): include()
#1 /var/www/html/wordpress/wp-blog-header.php(19): require_once('/var/www/html/w...')
#2 /var/www/html/wordpress/index.php(17): require('/var/www/html/w...')
#3 {main}
  thrown

2018-02-27T18:17:45+00:00 CRITICAL Uncaught Error: Call to undefined function the_thumbnail() in /var/www/html/wordpress/wp-content/themes/Midterm/archive.php:8
Stack trace:
#0 /var/www/html/wordpress/wp-includes/template-loader.php(74): include()
#1 /var/www/html/wordpress/wp-blog-header.php(19): require_once('/var/www/html/w...')
#2 /var/www/html/wordpress/index.php(17): require('/var/www/html/w...')
#3 {main}
  thrown

2018-02-27T18:17:48+00:00 CRITICAL Uncaught Error: Call to undefined function the_thumbnail() in /var/www/html/wordpress/wp-content/themes/Midterm/archive.php:8
Stack trace:
#0 /var/www/html/wordpress/wp-includes/template-loader.php(74): include()
#1 /var/www/html/wordpress/wp-blog-header.php(19): require_once('/var/www/html/w...')
#2 /var/www/html/wordpress/index.php(17): require('/var/www/html/w...')
#3 {main}
  thrown

2018-02-27T18:18:53+00:00 CRITICAL Uncaught Error: Call to undefined function the_thumbnail() in /var/www/html/wordpress/wp-content/themes/Midterm/archive.php:8
Stack trace:
#0 /var/www/html/wordpress/wp-includes/template-loader.php(74): include()
#1 /var/www/html/wordpress/wp-blog-header.php(19): require_once('/var/www/html/w...')
#2 /var/www/html/wordpress/index.php(17): require('/var/www/html/w...')
#3 {main}
  thrown

2018-02-27T18:32:43+00:00 CRITICAL Uncaught Error: Call to undefined function the_thumbnail() in /var/www/html/wordpress/wp-content/themes/Midterm/archive.php:8
Stack trace:
#0 /var/www/html/wordpress/wp-includes/template-loader.php(74): include()
#1 /var/www/html/wordpress/wp-blog-header.php(19): require_once('/var/www/html/w...')
#2 /var/www/html/wordpress/index.php(17): require('/var/www/html/w...')
#3 {main}
  thrown

2018-02-27T18:34:00+00:00 CRITICAL Uncaught Error: Call to undefined function the_thumbnail() in /var/www/html/wordpress/wp-content/themes/Midterm/archive.php:8
Stack trace:
#0 /var/www/html/wordpress/wp-includes/template-loader.php(74): include()
#1 /var/www/html/wordpress/wp-blog-header.php(19): require_once('/var/www/html/w...')
#2 /var/www/html/wordpress/index.php(17): require('/var/www/html/w...')
#3 {main}
  thrown

2018-02-27T18:34:19+00:00 CRITICAL Uncaught Error: Call to undefined function the_thumbnail() in /var/www/html/wordpress/wp-content/themes/Midterm/archive.php:8
Stack trace:
#0 /var/www/html/wordpress/wp-includes/template-loader.php(74): include()
#1 /var/www/html/wordpress/wp-blog-header.php(19): require_once('/var/www/html/w...')
#2 /var/www/html/wordpress/index.php(17): require('/var/www/html/w...')
#3 {main}
  thrown

2018-02-27T18:35:03+00:00 CRITICAL Uncaught Error: Call to undefined function the_thumbnail() in /var/www/html/wordpress/wp-content/themes/Midterm/archive.php:8
Stack trace:
#0 /var/www/html/wordpress/wp-includes/template-loader.php(74): include()
#1 /var/www/html/wordpress/wp-blog-header.php(19): require_once('/var/www/html/w...')
#2 /var/www/html/wordpress/index.php(17): require('/var/www/html/w...')
#3 {main}
  thrown

2018-02-27T18:35:09+00:00 CRITICAL Uncaught Error: Call to undefined function the_thumbnail() in /var/www/html/wordpress/wp-content/themes/Midterm/archive.php:8
Stack trace:
#0 /var/www/html/wordpress/wp-includes/template-loader.php(74): include()
#1 /var/www/html/wordpress/wp-blog-header.php(19): require_once('/var/www/html/w...')
#2 /var/www/html/wordpress/index.php(17): require('/var/www/html/w...')
#3 {main}
  thrown

2018-02-27T18:37:41+00:00 CRITICAL Uncaught Error: Call to undefined function the_thumbnail() in /var/www/html/wordpress/wp-content/themes/Midterm/archive.php:9
Stack trace:
#0 /var/www/html/wordpress/wp-includes/template-loader.php(74): include()
#1 /var/www/html/wordpress/wp-blog-header.php(19): require_once('/var/www/html/w...')
#2 /var/www/html/wordpress/index.php(17): require('/var/www/html/w...')
#3 {main}
  thrown

2018-02-27T18:37:51+00:00 CRITICAL Uncaught Error: Call to undefined function the_thumbnail() in /var/www/html/wordpress/wp-content/themes/Midterm/archive.php:9
Stack trace:
#0 /var/www/html/wordpress/wp-includes/template-loader.php(74): include()
#1 /var/www/html/wordpress/wp-blog-header.php(19): require_once('/var/www/html/w...')
#2 /var/www/html/wordpress/index.php(17): require('/var/www/html/w...')
#3 {main}
  thrown

